0 verbose cli C:\Program Files\nodejs\node.exe C:\Users\ASUS\AppData\Roaming\npm\node_modules\npm\bin\npm-cli.js
1 info using npm@11.2.0
2 info using node@v20.17.0
3 silly config load:file:C:\Users\ASUS\AppData\Roaming\npm\node_modules\npm\npmrc
4 silly config load:file:C:\Users\ASUS\proyecto-base4\.npmrc
5 silly config load:file:C:\Users\ASUS\.npmrc
6 silly config load:file:C:\Users\ASUS\AppData\Roaming\npm\etc\npmrc
7 verbose title npm config list
8 verbose argv "config" "list" "--json"
9 verbose logfile logs-max:10 dir:C:\Users\ASUS\proyecto-base4\UsersASUSAppDataLocalnpm-cache\_logs\2025-09-25T17_48_50_862Z-
10 verbose logfile C:\Users\ASUS\proyecto-base4\UsersASUSAppDataLocalnpm-cache\_logs\2025-09-25T17_48_50_862Z-debug-0.log
11 silly logfile start cleaning logs, removing 2 files
12 silly logfile error removing log file C:\Users\ASUS\proyecto-base4\UsersASUSAppDataLocalnpm-cache\_logs\2025-09-25T17_22_16_223Z-debug-0.log [Error: EPERM: operation not permitted, lstat 'C:\Users\ASUS\proyecto-base4\UsersASUSAppDataLocalnpm-cache\_logs\2025-09-25T17_22_16_223Z-debug-0.log'] {
12 silly logfile   errno: -4048,
12 silly logfile   code: 'EPERM',
12 silly logfile   syscall: 'lstat',
12 silly logfile   path: 'C:\\Users\\ASUS\\proyecto-base4\\UsersASUSAppDataLocalnpm-cache\\_logs\\2025-09-25T17_22_16_223Z-debug-0.log'
12 silly logfile }
13 verbose cwd C:\Users\ASUS\proyecto-base4
14 verbose os Windows_NT 10.0.26100
15 verbose node v20.17.0
16 verbose npm  v11.2.0
17 verbose exit 0
18 info ok
